<?xml version="1.0" encoding="UTF-8"?>
<testng-results ignored="0" total="1" passed="1" failed="0" skipped="0">
  <reporter-output>
  </reporter-output>
  <suite started-at="2021-06-23T11:54:55 IST" name="Default suite" finished-at="2021-06-23T11:55:00 IST" duration-ms="5080">
    <groups>
    </groups>
    <test started-at="2021-06-23T11:54:55 IST" name="Default test" finished-at="2021-06-23T11:55:00 IST" duration-ms="5080">
      <class name="Package1.LoginPageTestCase">
        <test-method is-config="true" signature="initialization()[pri:0, instance:Package1.LoginPageTestCase@4602c2a9]" started-at="2021-06-23T11:54:55 IST" name="initialization" finished-at="2021-06-23T11:54:56 IST" duration-ms="1929" status="PASS">
          <reporter-output>
          </reporter-output>
        </test-method> <!-- initialization -->
        <test-method signature="getTitleTestCase()[pri:0, instance:Package1.LoginPageTestCase@4602c2a9]" started-at="2021-06-23T11:54:57 IST" name="getTitleTestCase" finished-at="2021-06-23T11:54:58 IST" duration-ms="999" status="PASS">
          <reporter-output>
          </reporter-output>
        </test-method> <!-- getTitleTestCase -->
        <test-method is-config="true" signature="stop()[pri:0, instance:Package1.LoginPageTestCase@4602c2a9]" started-at="2021-06-23T11:54:58 IST" name="stop" finished-at="2021-06-23T11:55:00 IST" duration-ms="2105" status="PASS">
          <reporter-output>
          </reporter-output>
        </test-method> <!-- stop -->
      </class> <!-- Package1.LoginPageTestCase -->
    </test> <!-- Default test -->
  </suite> <!-- Default suite -->
</testng-results>
